\BOOKMARK [0][]{chapter*.6}{Gonzalo Linares MatásA Student Perspective on the Present of Archaeology: IJSRA Editorial}{}% 1
\BOOKMARK [0][]{chapter*.7}{Gonzalo Linares MatásPresentation of the first issue of the International Journal of Student Research in Archaeology}{}% 2
\BOOKMARK [-1][]{part.1}{I\040articles}{}% 3
\BOOKMARK [0][]{chapter*.8}{Lilla VonkArchaeology’s Potential for Active Engagement in Dementia Care}{part.1}% 4
\BOOKMARK [0][]{chapter*.9}{Antonio Sánchez VerdúUnearthing the Roads of Roman Hispania: Evolution of Theories, Methodologies and Value Enhancement Techniques}{part.1}% 5
\BOOKMARK [0][]{chapter*.16}{Arba\040BekteshiAlbanian\040Archaeology\040during\040Communism:\040Constructing\040the\040Illyrian\040Myth\040through\040Numismatics}{part.1}% 6
\BOOKMARK [0][]{chapter*.17}{Ariane\040Maggio2\04037\040\0403\04037\040Neanderthal,\0405\04037\040Denisovan,\040but\040100\04037\040Human:\040Constructing\040Identity\040from\040the\040Genetic\040Past}{part.1}% 7
\BOOKMARK [0][]{chapter*.18}{Dylan\040DavisTetra-dimensional\040Climate\040and\040its\040Effects\040on\040the\040Roman\040State:\040An\040Archaeological\040Analysis\040of\040the\040Roman\040Agroeconomy}{part.1}% 8
\BOOKMARK [0][]{chapter*.36}{Lucy\040NorthwoodSacred\040Bodies\040in\040Sacred\040Spaces:\040Investigating\040whether\040western\040body\040theory\040is\040a\040valuable\040tool\040for\040interpreting\040Hindu\040ritual\040space}{part.1}% 9
\BOOKMARK [0][]{chapter*.38}{Richard\040Takkou,\040Sonja\040Dobroski\040A\040Discourse\040on\040the\040Archaeological\040History\040of\040Zakynthos:\040Alternative\040Approaches}{part.1}% 10
\BOOKMARK [0][]{chapter*.48}{Vivian S. van HeekerenA Method and an Object: An Art Historical Approach Applied to the ‘Memento-Mori’ Mosaic from Pompeii, Italy}{part.1}% 11
\BOOKMARK [0][]{chapter*.50}{Kelton\040SheridanA\040Case\040for\040Hybridity}{part.1}% 12
\BOOKMARK [0][]{chapter*.51}{Helen RayerAre ‘Small Towns’ Always Towns? A Classification of Roman Civil Settlements in Northern Britain}{part.1}% 13
\BOOKMARK [0][]{chapter*.61}{Sam\040Hughes"In\040my\040sword\040I\040trust".\040A\040Reassessment\040of\040Irish\040Iron\040Age\040Swords\040With\040a\040Focus\040on\040Their\040Potential\040Use\040in\040Battle}{part.1}% 14
\BOOKMARK [0][]{chapter*.70}{Bertie\040NormanRe-assessing\040the\040Location\040of\040the\040Homeric\040Underworld\040in\040the\040Odyssey\040Book\040XI}{part.1}% 15
\BOOKMARK [0][]{chapter*.72}{Alix Thoeming Dealing with Data: Naïve Bayesian Classification and a Case Study from Viking Age Sweden}{part.1}% 16
\BOOKMARK [0][]{chapter*.83}{Camilo Barcia GarcíaThe Management of Social Space in the Upper Palaeolithic: Patterns, Statistics, and Open GIS in the Lower Gallery of La Garma \(Cantabria, Northern Iberian Peninsula\)}{part.1}% 17
\BOOKMARK [0][]{chapter*.91}{Amanda\040GaggioliMaking\040Better\040Knives:\040An\040Experimental\040Analysis\040of\040Projectile\040Point\040Technology\040and\040Multifunctional\040Uses}{part.1}% 18
\BOOKMARK [0][]{chapter*.101}{Yassin E. Zidan, Nesrin M. N. El Hadidi, Maisa M.A. Mansour, Wael A.A. Abo ElgatTreatment of Khedive Ismail’s antique gun \(1863–1879\) at the National Military Museum. A Case Study}{part.1}% 19
\BOOKMARK [-1][]{part.2}{II\040conference\040reviews}{}% 20
\BOOKMARK [0][]{chapter*.109}{Ülle Aguraiuja, Rachel Faulkner-Jones, Marta Lorenzon, Cindy Nelson-ViljoenThird ‘Annual Student Archaeology’ Conference: Edinburgh, June 2015}{part.2}% 21
\BOOKMARK [0][]{chapter*.112}{Rebekah\040Hawkins,\040Sharna\040Katzeff,\040Olivier\040RochecousteNational\040Archaeology\040Student\040Conference\040Australia\0402015}{part.2}% 22
\BOOKMARK [0][]{chapter*.118}{Jacqueline JordaanTaking stock of archaeological thought, method and practice in southern Africa. A review of the ASAPA Conference from the 1st–3rd July 2015}{part.2}% 23
\BOOKMARK [0][]{chapter*.122}{Jennifer\040Lane,\040Helen\040HeathProceedings\040from\040the\0402015\040New\040Zealand\040Archaeological\040Association\040Conference}{part.2}% 24
\BOOKMARK [0][]{chapter*.129}{Mariana Favila Vázquez, Ximena Chávez BalderasWarfare, Environment, Social Inequality and Peace Studies Seville, Spain: May 29–30, 2015}{part.2}% 25
\BOOKMARK [-1][]{part.3}{III\040interviews}{}% 26
\BOOKMARK [0][]{chapter*.132}{Chelsea\040Colwell-PaschBrian\040Fagan,\040Ph.D.\040Professor\040Emeritus\040at\040the\040University\040of\040California,\040Santa\040Barbara}{part.3}% 27
\BOOKMARK [0][]{chapter*.134}{Lisa\040M.\040JohnsonRosemary\040Joyce,\040Ph.D.\040Professor\040of\040Anthropology\040at\040the\040University\040of\040California,\040Berkeley}{part.3}% 28
